<?xml version="1.0" encoding="UTF-8"?>
<!-- Generated by org.testng.reporters.JUnitReportReporter -->
<testsuite hostname="LAPTOP-TNLVR2AO" failures="0" tests="6" name="com.demoWorkShopFrameWork.WishList.PriceCheck" time="34.421" errors="0" timestamp="2024-05-27T14:16:50 IST" skipped="0">
  <testcase classname="com.demoWorkShopFrameWork.WishList.PriceCheck" name="addComputerTo" time="7.539">
    <system-out>
      <![CDATA[Build your own cheap computer=800.00]]>
    </system-out>
  </testcase> <!-- addComputerTo -->
  <testcase classname="com.demoWorkShopFrameWork.WishList.PriceCheck" name="addComputerTo" time="5.216">
    <system-out>
      <![CDATA[Build your own expensive computer=1800.00]]>
    </system-out>
  </testcase> <!-- addComputerTo -->
  <testcase classname="com.demoWorkShopFrameWork.WishList.PriceCheck" name="addComputerTo" time="5.576">
    <system-out>
      <![CDATA[Build your own cheap computer=800.00]]>
    </system-out>
  </testcase> <!-- addComputerTo -->
  <testcase classname="com.demoWorkShopFrameWork.WishList.PriceCheck" name="addComputerTo" time="4.251">
    <system-out>
      <![CDATA[Build your own computer=1200.00]]>
    </system-out>
  </testcase> <!-- addComputerTo -->
  <testcase classname="com.demoWorkShopFrameWork.WishList.PriceCheck" name="addComputerTo" time="7.313">
    <system-out>
      <![CDATA[Build your own computer=1200.00]]>
    </system-out>
  </testcase> <!-- addComputerTo -->
  <testcase classname="com.demoWorkShopFrameWork.WishList.PriceCheck" name="addComputerTo" time="4.526">
    <system-out>
      <![CDATA[Build your own expensive computer=1800.00]]>
    </system-out>
  </testcase> <!-- addComputerTo -->
  <system-out>
    <![CDATA[Build your own cheap computer=800.00
Build your own cheap computer=800.00
Build your own computer=1200.00
Build your own computer=1200.00
Build your own expensive computer=1800.00
Build your own expensive computer=1800.00
Build your own cheap computer=800.00
Build your own cheap computer=800.00
Build your own computer=1200.00
Build your own computer=1200.00
Build your own expensive computer=1800.00
Build your own expensive computer=1800.00]]>
  </system-out>
</testsuite> <!-- com.demoWorkShopFrameWork.WishList.PriceCheck -->
